<?xml version="1.0" encoding="UTF-8"?>
<!-- Generated by org.testng.reporters.JUnitReportReporter -->
<testsuite hostname="IVY-DT-1104" name="org.ivymobility.com.sample.Sample_002" tests="10" failures="10" timestamp="12 Feb 2016 05:54:54 GMT" time="0.004" errors="0">
  <testcase name="sampleTes2" time="0.000" classname="org.ivymobility.com.sample.Sample_002"/>
  <testcase name="sampleTes2" time="0.000" classname="org.ivymobility.com.sample.Sample_002"/>
  <testcase name="sampleTes2" time="0.000" classname="org.ivymobility.com.sample.Sample_002"/>
  <testcase name="sampleTes2" time="0.001" classname="org.ivymobility.com.sample.Sample_002"/>
  <testcase name="sampleTes2" time="0.000" classname="org.ivymobility.com.sample.Sample_002"/>
  <testcase name="sampleTes2" time="0.001" classname="org.ivymobility.com.sample.Sample_002"/>
  <testcase name="sampleTes2" time="0.000" classname="org.ivymobility.com.sample.Sample_002"/>
  <testcase name="sampleTes2" time="0.001" classname="org.ivymobility.com.sample.Sample_002"/>
  <testcase name="sampleTes2" time="0.000" classname="org.ivymobility.com.sample.Sample_002"/>
  <testcase name="sampleTes2" time="0.001" classname="org.ivymobility.com.sample.Sample_002"/>
</testsuite> <!-- org.ivymobility.com.sample.Sample_002 -->
