<?xml version="1.0" encoding="UTF-8"?>
<!-- Generated by org.testng.reporters.JUnitReportReporter -->
<testsuite hostname="IVY-DT-1104" name="org.ivymobility.com.TaxManagement.ToverifyEDITwithoutSelectingdatainTGM" tests="1" failures="0" timestamp="26 Feb 2016 08:59:34 GMT" time="4.624" errors="0">
  <testcase name="test1" time="4.624" classname="org.ivymobility.com.TaxManagement.ToverifyEDITwithoutSelectingdatainTGM"/>
</testsuite> <!-- org.ivymobility.com.TaxManagement.ToverifyEDITwithoutSelectingdatainTGM -->
