<?xml version="1.0" encoding="UTF-8"?>
<!-- Generated by org.testng.reporters.JUnitReportReporter -->
<testsuite hostname="IVY-DT-1104" name="org.ivymobility.com.OutletMaster.OutletDelete" tests="1" failures="1" timestamp="11 Feb 2016 06:47:37 GMT" time="0.001" errors="0">
  <testcase name="test1" time="0.001" classname="org.ivymobility.com.OutletMaster.OutletDelete"/>
</testsuite> <!-- org.ivymobility.com.OutletMaster.OutletDelete -->
