<?xml version="1.0" encoding="UTF-8"?>
<!-- Generated by org.testng.reporters.JUnitReportReporter -->
<testsuite hostname="IVY-DT-1104" name="org.ivymobility.com.StoreManagement.ToVerifyDeactivate_SM_LL_TC_09" tests="5" failures="5" timestamp="26 Feb 2016 06:15:29 GMT" time="0.009" errors="0">
  <testcase name="test1" time="0.000" classname="org.ivymobility.com.StoreManagement.ToVerifyDeactivate_SM_LL_TC_09"/>
  <testcase name="test1" time="0.008" classname="org.ivymobility.com.StoreManagement.ToVerifyDeactivate_SM_LL_TC_09"/>
  <testcase name="test1" time="0.000" classname="org.ivymobility.com.StoreManagement.ToVerifyDeactivate_SM_LL_TC_09"/>
  <testcase name="test1" time="0.000" classname="org.ivymobility.com.StoreManagement.ToVerifyDeactivate_SM_LL_TC_09"/>
  <testcase name="test1" time="0.001" classname="org.ivymobility.com.StoreManagement.ToVerifyDeactivate_SM_LL_TC_09"/>
</testsuite> <!-- org.ivymobility.com.StoreManagement.ToVerifyDeactivate_SM_LL_TC_09 -->
