<?xml version="1.0" encoding="UTF-8"?>
<!-- Generated by org.testng.reporters.JUnitReportReporter -->
<testsuite hostname="IVY-DT-1104" name="org.ivymobility.com.PriceGroups.ToVerifyAddscreen_PM_PG_TC_01" tests="1" failures="1" timestamp="19 Feb 2016 13:45:23 GMT" time="0.001" errors="0">
  <testcase name="test1" time="0.001" classname="org.ivymobility.com.PriceGroups.ToVerifyAddscreen_PM_PG_TC_01"/>
</testsuite> <!-- org.ivymobility.com.PriceGroups.ToVerifyAddscreen_PM_PG_TC_01 -->
