<?xml version="1.0" encoding="UTF-8"?>
<!-- Generated by org.testng.reporters.JUnitReportReporter -->
<testsuite hostname="IVY-DT-1104" name="USM_Location" tests="1" failures="0" timestamp="29 Feb 2016 12:15:48 GMT" time="10.354" errors="0">
  <testcase name="test1" time="10.354" classname="USM_Location"/>
</testsuite> <!-- USM_Location -->
