<?xml version="1.0" encoding="UTF-8"?>
<!-- Generated by org.testng.reporters.JUnitReportReporter -->
<testsuite hostname="IVY-DT-1104" name="org.ivymobility.com.StoreManagement.ToVerifyMakeActivae_PL_LL_TC_10" tests="3" failures="3" timestamp="26 Feb 2016 06:15:29 GMT" time="0.001" errors="0">
  <testcase name="test1" time="0.000" classname="org.ivymobility.com.StoreManagement.ToVerifyMakeActivae_PL_LL_TC_10"/>
  <testcase name="test1" time="0.000" classname="org.ivymobility.com.StoreManagement.ToVerifyMakeActivae_PL_LL_TC_10"/>
  <testcase name="test1" time="0.001" classname="org.ivymobility.com.StoreManagement.ToVerifyMakeActivae_PL_LL_TC_10"/>
</testsuite> <!-- org.ivymobility.com.StoreManagement.ToVerifyMakeActivae_PL_LL_TC_10 -->
