<?xml version="1.0" encoding="UTF-8"?>
<!-- Generated by org.testng.reporters.JUnitReportReporter -->
<testsuite hostname="IVY-DT-1031" name="org.ivymolity.com.usermanagementsuite.TestUserManagement" tests="1" failures="0" timestamp="8 Feb 2016 06:07:04 GMT" time="0.021" errors="0">
  <testcase name="test1" time="0.021" classname="org.ivymolity.com.usermanagementsuite.TestUserManagement"/>
</testsuite> <!-- org.ivymolity.com.usermanagementsuite.TestUserManagement -->
