<?xml version="1.0" encoding="UTF-8"?>
<!-- Generated by org.testng.reporters.JUnitReportReporter -->
<testsuite hostname="IVY-DT-1104" name="org.ivymobility.com.TaxManagement.TM_TG_TC_03" tests="7" failures="7" timestamp="26 Feb 2016 08:59:34 GMT" time="0.000" errors="0">
  <testcase name="test1" time="0.000" classname="org.ivymobility.com.TaxManagement.TM_TG_TC_03"/>
  <testcase name="test1" time="0.000" classname="org.ivymobility.com.TaxManagement.TM_TG_TC_03"/>
  <testcase name="test1" time="0.000" classname="org.ivymobility.com.TaxManagement.TM_TG_TC_03"/>
  <testcase name="test1" time="0.000" classname="org.ivymobility.com.TaxManagement.TM_TG_TC_03"/>
  <testcase name="test1" time="0.000" classname="org.ivymobility.com.TaxManagement.TM_TG_TC_03"/>
  <testcase name="test1" time="0.000" classname="org.ivymobility.com.TaxManagement.TM_TG_TC_03"/>
  <testcase name="test1" time="0.000" classname="org.ivymobility.com.TaxManagement.TM_TG_TC_03"/>
</testsuite> <!-- org.ivymobility.com.TaxManagement.TM_TG_TC_03 -->
