<?xml version="1.0" encoding="UTF-8"?>
<!-- Generated by org.testng.reporters.JUnitReportReporter -->
<testsuite hostname="IVY-DT-1104" name="Demo1" tests="1" failures="0" timestamp="29 Feb 2016 07:23:49 GMT" time="17.669" errors="0">
  <testcase name="test1" time="17.669" classname="Demo1"/>
</testsuite> <!-- Demo1 -->
