<?xml version="1.0" encoding="UTF-8"?>
<!-- Generated by org.testng.reporters.JUnitReportReporter -->
<testsuite hostname="IVY-DT-1104" name="org.ivymobility.com.usermanagementsuite.TestUserManagement" tests="1" failures="1" timestamp="11 Feb 2016 05:15:58 GMT" time="0.000" errors="0">
  <testcase name="test1" time="0.000" classname="org.ivymobility.com.usermanagementsuite.TestUserManagement"/>
</testsuite> <!-- org.ivymobility.com.usermanagementsuite.TestUserManagement -->
