<?xml version="1.0" encoding="UTF-8"?>
<!-- Generated by org.testng.reporters.JUnitReportReporter -->
<testsuite hostname="IVY-DT-1104" name="org.ivymobility.com.TaxManagement.TM_TG_TC_04_ToverifyDELETE" tests="10" failures="10" timestamp="26 Feb 2016 08:59:34 GMT" time="0.015" errors="0">
  <testcase name="test1" time="0.000" classname="org.ivymobility.com.TaxManagement.TM_TG_TC_04_ToverifyDELETE"/>
  <testcase name="test1" time="0.000" classname="org.ivymobility.com.TaxManagement.TM_TG_TC_04_ToverifyDELETE"/>
  <testcase name="test1" time="0.000" classname="org.ivymobility.com.TaxManagement.TM_TG_TC_04_ToverifyDELETE"/>
  <testcase name="test1" time="0.000" classname="org.ivymobility.com.TaxManagement.TM_TG_TC_04_ToverifyDELETE"/>
  <testcase name="test1" time="0.000" classname="org.ivymobility.com.TaxManagement.TM_TG_TC_04_ToverifyDELETE"/>
  <testcase name="test1" time="0.000" classname="org.ivymobility.com.TaxManagement.TM_TG_TC_04_ToverifyDELETE"/>
  <testcase name="test1" time="0.000" classname="org.ivymobility.com.TaxManagement.TM_TG_TC_04_ToverifyDELETE"/>
  <testcase name="test1" time="0.000" classname="org.ivymobility.com.TaxManagement.TM_TG_TC_04_ToverifyDELETE"/>
  <testcase name="test1" time="0.000" classname="org.ivymobility.com.TaxManagement.TM_TG_TC_04_ToverifyDELETE"/>
  <testcase name="test1" time="0.015" classname="org.ivymobility.com.TaxManagement.TM_TG_TC_04_ToverifyDELETE"/>
</testsuite> <!-- org.ivymobility.com.TaxManagement.TM_TG_TC_04_ToverifyDELETE -->
