<?xml version="1.0" encoding="UTF-8"?>
<!-- Generated by org.testng.reporters.JUnitReportReporter -->
<testsuite hostname="IVY-DT-1104" name="org.ivymobility.com.sample.IncludeExcludeMethods" tests="1" failures="0" timestamp="16 Feb 2016 09:19:56 GMT" time="0.008" errors="0">
  <testcase name="test5" time="0.008" classname="org.ivymobility.com.sample.IncludeExcludeMethods"/>
</testsuite> <!-- org.ivymobility.com.sample.IncludeExcludeMethods -->
