<?xml version="1.0" encoding="UTF-8"?>
<!-- Generated by org.testng.reporters.JUnitReportReporter -->
<testsuite hostname="IVY-DT-1104" name="org.ivymobility.com.PriceGroups.PM_PG_TC_01_ToVerifyADDscreen" tests="1" failures="0" timestamp="25 Feb 2016 14:06:59 GMT" time="2.601" errors="0">
  <testcase name="test1" time="2.601" classname="org.ivymobility.com.PriceGroups.PM_PG_TC_01_ToVerifyADDscreen"/>
</testsuite> <!-- org.ivymobility.com.PriceGroups.PM_PG_TC_01_ToVerifyADDscreen -->
