<?xml version="1.0" encoding="UTF-8"?>
<!-- Generated by org.testng.reporters.JUnitReportReporter -->
<testsuite hostname="IVY-DT-1104" name="org.ivymobility.com.ProductTagging.PT_FB_TC_01_ToverifyADDscreen" tests="1" failures="0" timestamp="25 Feb 2016 14:26:00 GMT" time="2.886" errors="0">
  <testcase name="test1" time="2.886" classname="org.ivymobility.com.ProductTagging.PT_FB_TC_01_ToverifyADDscreen"/>
</testsuite> <!-- org.ivymobility.com.ProductTagging.PT_FB_TC_01_ToverifyADDscreen -->
