<?xml version="1.0" encoding="UTF-8"?>
<!-- Generated by org.testng.reporters.JUnitReportReporter -->
<testsuite hostname="IVY-DT-1104" name="org.ivymobility.com.StoreManagement.ToVerifyAddressScreen_SM_LL_TC_05" tests="1" failures="1" timestamp="26 Feb 2016 06:15:29 GMT" time="0.000" errors="0">
  <testcase name="test1" time="0.000" classname="org.ivymobility.com.StoreManagement.ToVerifyAddressScreen_SM_LL_TC_05"/>
</testsuite> <!-- org.ivymobility.com.StoreManagement.ToVerifyAddressScreen_SM_LL_TC_05 -->
