<?xml version="1.0" encoding="UTF-8"?>
<!-- Generated by org.testng.reporters.JUnitReportReporter -->
<testsuite hostname="IVY-DT-1104" name="org.ivymobility.com.DigitalContent.ToveifyDELETEwithoutSlectingDatainDC" tests="1" failures="0" timestamp="26 Feb 2016 05:44:41 GMT" time="3.556" errors="0">
  <testcase name="test1" time="3.556" classname="org.ivymobility.com.DigitalContent.ToveifyDELETEwithoutSlectingDatainDC"/>
</testsuite> <!-- org.ivymobility.com.DigitalContent.ToveifyDELETEwithoutSlectingDatainDC -->
