<?xml version="1.0" encoding="UTF-8"?>
<!-- Generated by org.testng.reporters.JUnitReportReporter -->
<testsuite hostname="IVY-DT-1104" name="org.ivymobility.com.sample.Sample_001" tests="1" failures="0" timestamp="12 Feb 2016 05:54:54 GMT" time="3.710" errors="0">
  <testcase name="sampleTest1" time="3.710" classname="org.ivymobility.com.sample.Sample_001"/>
</testsuite> <!-- org.ivymobility.com.sample.Sample_001 -->
